

================================================================
== Vivado HLS Report for 'lstm_kernel'
================================================================
* Date:           Fri Sep  6 17:03:51 2019

* Version:        2019.1 (Build 2552052 on Fri May 24 15:28:33 MDT 2019)
* Project:        lstm_kernel
* Solution:       solution1
* Product family: zynquplus
* Target device:  xczu3eg-sbva484-1-e


================================================================
== Performance Estimates
================================================================
+ Timing (ns): 
    * Summary: 
    +--------+-------+----------+------------+
    |  Clock | Target| Estimated| Uncertainty|
    +--------+-------+----------+------------+
    |ap_clk  |   2.00|     1.693|        0.25|
    +--------+-------+----------+------------+

+ Latency (clock cycles): 
    * Summary: 
    +------+------+------+------+---------+
    |   Latency   |   Interval  | Pipeline|
    |  min |  max |  min |  max |   Type  |
    +------+------+------+------+---------+
    |  2258|  3964|  2258|  3964|   none  |
    +------+------+------+------+---------+

    + Detail: 
        * Instance: 
        N/A

        * Loop: 
        +-------------+------+------+----------+-----------+-----------+------+----------+
        |             |   Latency   | Iteration|  Initiation Interval  | Trip |          |
        |  Loop Name  |  min |  max |  Latency |  achieved |   target  | Count| Pipelined|
        +-------------+------+------+----------+-----------+-----------+------+----------+
        |- Loop 1     |   140|   140|         7|          -|          -|    20|    no    |
        |- Loop 2     |  3660|  3660|       183|          -|          -|    20|    no    |
        | + Loop 2.1  |   180|   180|         9|          -|          -|    20|    no    |
        |- Loop 3     |   160|   160|         8|          -|          -|    20|    no    |
        |- Loop 4     |    46|    46|        17|         10|          1|     4|    yes   |
        |- Loop 5     |  1620|  1620|        41|         20|          1|    80|    yes   |
        |- Loop 6     |    80|    80|        20|         20|          1|     4|    yes   |
        |- Loop 7     |   437|   437|        96|         18|          1|    20|    yes   |
        |- Loop 8     |    25|    25|         7|          1|          1|    20|    yes   |
        +-------------+------+------+----------+-----------+-----------+------+----------+



================================================================
== Utilization Estimates
================================================================
* Summary: 
+-----------------+---------+-------+--------+-------+-----+
|       Name      | BRAM_18K| DSP48E|   FF   |  LUT  | URAM|
+-----------------+---------+-------+--------+-------+-----+
|DSP              |        -|     44|       -|      -|    -|
|Expression       |        -|      -|       0|   3359|    -|
|FIFO             |        -|      -|       -|      -|    -|
|Instance         |        -|      -|     394|    238|    -|
|Memory           |        7|      -|     132|    128|    0|
|Multiplexer      |        -|      -|       -|   2553|    -|
|Register         |        0|      -|    3633|    128|    -|
+-----------------+---------+-------+--------+-------+-----+
|Total            |        7|     44|    4159|   6406|    0|
+-----------------+---------+-------+--------+-------+-----+
|Available        |      432|    360|  141120|  70560|    0|
+-----------------+---------+-------+--------+-------+-----+
|Utilization (%)  |        1|     12|       2|      9|    0|
+-----------------+---------+-------+--------+-------+-----+

+ Detail: 
    * Instance: 
    +-------------------------------------------+----------------------------------------+---------+-------+-----+-----+-----+
    |                  Instance                 |                 Module                 | BRAM_18K| DSP48E|  FF | LUT | URAM|
    +-------------------------------------------+----------------------------------------+---------+-------+-----+-----+-----+
    |lstm_kernel_udiv_32ns_32ns_16_36_seq_1_U1  |lstm_kernel_udiv_32ns_32ns_16_36_seq_1  |        0|      0|  394|  238|    0|
    +-------------------------------------------+----------------------------------------+---------+-------+-----+-----+-----+
    |Total                                      |                                        |        0|      0|  394|  238|    0|
    +-------------------------------------------+----------------------------------------+---------+-------+-----+-----+-----+

    * DSP48E: 
    +-----------------------------------------+-------------------------------------+-----------+
    |                 Instance                |                Module               | Expression|
    +-----------------------------------------+-------------------------------------+-----------+
    |lstm_kernel_mul_mul_16ns_16s_28_3_1_U2   |lstm_kernel_mul_mul_16ns_16s_28_3_1  |  i0 * i1  |
    |lstm_kernel_mul_mul_16ns_16s_28_3_1_U3   |lstm_kernel_mul_mul_16ns_16s_28_3_1  |  i0 * i1  |
    |lstm_kernel_mul_mul_16ns_16s_28_3_1_U4   |lstm_kernel_mul_mul_16ns_16s_28_3_1  |  i0 * i1  |
    |lstm_kernel_mul_mul_16ns_16s_28_3_1_U5   |lstm_kernel_mul_mul_16ns_16s_28_3_1  |  i0 * i1  |
    |lstm_kernel_mul_mul_16ns_16s_28_3_1_U6   |lstm_kernel_mul_mul_16ns_16s_28_3_1  |  i0 * i1  |
    |lstm_kernel_mul_mul_16ns_16s_28_3_1_U7   |lstm_kernel_mul_mul_16ns_16s_28_3_1  |  i0 * i1  |
    |lstm_kernel_mul_mul_16ns_16s_28_3_1_U8   |lstm_kernel_mul_mul_16ns_16s_28_3_1  |  i0 * i1  |
    |lstm_kernel_mul_mul_16ns_16s_28_3_1_U9   |lstm_kernel_mul_mul_16ns_16s_28_3_1  |  i0 * i1  |
    |lstm_kernel_mul_mul_16ns_16s_28_3_1_U10  |lstm_kernel_mul_mul_16ns_16s_28_3_1  |  i0 * i1  |
    |lstm_kernel_mul_mul_16ns_16s_28_3_1_U11  |lstm_kernel_mul_mul_16ns_16s_28_3_1  |  i0 * i1  |
    |lstm_kernel_mul_mul_16ns_16s_28_3_1_U12  |lstm_kernel_mul_mul_16ns_16s_28_3_1  |  i0 * i1  |
    |lstm_kernel_mul_mul_16ns_16s_28_3_1_U13  |lstm_kernel_mul_mul_16ns_16s_28_3_1  |  i0 * i1  |
    |lstm_kernel_mul_mul_16ns_16s_28_3_1_U14  |lstm_kernel_mul_mul_16ns_16s_28_3_1  |  i0 * i1  |
    |lstm_kernel_mul_mul_16ns_16s_28_3_1_U15  |lstm_kernel_mul_mul_16ns_16s_28_3_1  |  i0 * i1  |
    |lstm_kernel_mul_mul_16ns_16s_28_3_1_U16  |lstm_kernel_mul_mul_16ns_16s_28_3_1  |  i0 * i1  |
    |lstm_kernel_mul_mul_16ns_16s_28_3_1_U17  |lstm_kernel_mul_mul_16ns_16s_28_3_1  |  i0 * i1  |
    |lstm_kernel_mul_mul_16ns_16s_28_3_1_U18  |lstm_kernel_mul_mul_16ns_16s_28_3_1  |  i0 * i1  |
    |lstm_kernel_mul_mul_16ns_16s_28_3_1_U19  |lstm_kernel_mul_mul_16ns_16s_28_3_1  |  i0 * i1  |
    |lstm_kernel_mul_mul_16ns_16s_28_3_1_U20  |lstm_kernel_mul_mul_16ns_16s_28_3_1  |  i0 * i1  |
    |lstm_kernel_mul_mul_16ns_16s_28_3_1_U21  |lstm_kernel_mul_mul_16ns_16s_28_3_1  |  i0 * i1  |
    |lstm_kernel_mul_mul_16s_16s_28_3_1_U22   |lstm_kernel_mul_mul_16s_16s_28_3_1   |  i0 * i1  |
    |lstm_kernel_mul_mul_16s_16s_28_3_1_U23   |lstm_kernel_mul_mul_16s_16s_28_3_1   |  i0 * i1  |
    |lstm_kernel_mul_mul_16s_16s_28_3_1_U24   |lstm_kernel_mul_mul_16s_16s_28_3_1   |  i0 * i1  |
    |lstm_kernel_mul_mul_16s_16s_28_3_1_U25   |lstm_kernel_mul_mul_16s_16s_28_3_1   |  i0 * i1  |
    |lstm_kernel_mul_mul_16s_16s_28_3_1_U26   |lstm_kernel_mul_mul_16s_16s_28_3_1   |  i0 * i1  |
    |lstm_kernel_mul_mul_16s_16s_28_3_1_U27   |lstm_kernel_mul_mul_16s_16s_28_3_1   |  i0 * i1  |
    |lstm_kernel_mul_mul_16s_16s_28_3_1_U28   |lstm_kernel_mul_mul_16s_16s_28_3_1   |  i0 * i1  |
    |lstm_kernel_mul_mul_16s_16s_28_3_1_U29   |lstm_kernel_mul_mul_16s_16s_28_3_1   |  i0 * i1  |
    |lstm_kernel_mul_mul_16s_16s_28_3_1_U30   |lstm_kernel_mul_mul_16s_16s_28_3_1   |  i0 * i1  |
    |lstm_kernel_mul_mul_16s_16s_28_3_1_U31   |lstm_kernel_mul_mul_16s_16s_28_3_1   |  i0 * i1  |
    |lstm_kernel_mul_mul_16s_16s_28_3_1_U32   |lstm_kernel_mul_mul_16s_16s_28_3_1   |  i0 * i1  |
    |lstm_kernel_mul_mul_16s_16s_28_3_1_U33   |lstm_kernel_mul_mul_16s_16s_28_3_1   |  i0 * i1  |
    |lstm_kernel_mul_mul_16s_16s_28_3_1_U34   |lstm_kernel_mul_mul_16s_16s_28_3_1   |  i0 * i1  |
    |lstm_kernel_mul_mul_16s_16s_28_3_1_U35   |lstm_kernel_mul_mul_16s_16s_28_3_1   |  i0 * i1  |
    |lstm_kernel_mul_mul_16s_16s_28_3_1_U36   |lstm_kernel_mul_mul_16s_16s_28_3_1   |  i0 * i1  |
    |lstm_kernel_mul_mul_16s_16s_28_3_1_U37   |lstm_kernel_mul_mul_16s_16s_28_3_1   |  i0 * i1  |
    |lstm_kernel_mul_mul_16s_16s_28_3_1_U38   |lstm_kernel_mul_mul_16s_16s_28_3_1   |  i0 * i1  |
    |lstm_kernel_mul_mul_16s_16s_28_3_1_U39   |lstm_kernel_mul_mul_16s_16s_28_3_1   |  i0 * i1  |
    |lstm_kernel_mul_mul_16s_16s_28_3_1_U40   |lstm_kernel_mul_mul_16s_16s_28_3_1   |  i0 * i1  |
    |lstm_kernel_mul_mul_16s_16s_28_3_1_U41   |lstm_kernel_mul_mul_16s_16s_28_3_1   |  i0 * i1  |
    |lstm_kernel_mul_mul_16s_16s_28_3_1_U42   |lstm_kernel_mul_mul_16s_16s_28_3_1   |  i0 * i1  |
    |lstm_kernel_mul_mul_16s_16s_28_3_1_U44   |lstm_kernel_mul_mul_16s_16s_28_3_1   |  i0 * i1  |
    |lstm_kernel_mul_mul_16s_16s_28_3_1_U45   |lstm_kernel_mul_mul_16s_16s_28_3_1   |  i0 * i1  |
    |lstm_kernel_mul_mul_16s_16s_32_3_1_U43   |lstm_kernel_mul_mul_16s_16s_32_3_1   |  i0 * i1  |
    +-----------------------------------------+-------------------------------------+-----------+

    * Memory: 
    +---------------+-------------------------+---------+----+-----+-----+------+-----+------+-------------+
    |     Memory    |          Module         | BRAM_18K| FF | LUT | URAM| Words| Bits| Banks| W*Bits*Banks|
    +---------------+-------------------------+---------+----+-----+-----+------+-----+------+-------------+
    |c_state_U      |lstm_kernel_c_state      |        1|  20|   24|    0|    20|   16|     1|          320|
    |h_state_U      |lstm_kernel_h_state      |        1|   0|    0|    0|    20|   16|     1|          320|
    |lstm_state_U   |lstm_kernel_lstm_state   |        1|  96|  104|    0|    80|   16|     1|         1280|
    |lut_sigmoid_U  |lstm_kernel_lut_sigmoid  |        1|   0|    0|    0|  1024|   12|     1|        12288|
    |lut_tanh_U     |lstm_kernel_lut_tanh     |        1|   0|    0|    0|  1024|   13|     1|        13312|
    |weight_l_U     |lstm_kernel_weight_l     |        2|  16|    0|    0|  1760|   16|     1|        28160|
    +---------------+-------------------------+---------+----+-----+-----+------+-----+------+-------------+
    |Total          |                         |        7| 132|  128|    0|  3928|   89|     6|        55680|
    +---------------+-------------------------+---------+----+-----+-----+------+-----+------+-------------+

    * FIFO: 
    N/A

    * Expression: 
    +---------------------------+----------+-------+---+----+------------+------------+
    |       Variable Name       | Operation| DSP48E| FF| LUT| Bitwidth P0| Bitwidth P1|
    +---------------------------+----------+-------+---+----+------------+------------+
    |add_ln304_fu_4971_p2       |     +    |      0|  0|  15|           6|           5|
    |add_ln305_fu_4981_p2       |     +    |      0|  0|  15|           6|           6|
    |add_ln306_fu_4990_p2       |     +    |      0|  0|  15|           7|           6|
    |add_ln311_1_fu_5199_p2     |     +    |      0|  0|  16|           9|           9|
    |add_ln311_2_fu_5234_p2     |     +    |      0|  0|  21|           9|           9|
    |add_ln311_3_fu_5229_p2     |     +    |      0|  0|  21|           9|           7|
    |add_ln311_4_fu_5077_p2     |     +    |      0|  0|  19|          12|          12|
    |add_ln311_5_fu_5209_p2     |     +    |      0|  0|  19|          12|          12|
    |add_ln311_fu_5031_p2       |     +    |      0|  0|  15|           7|           3|
    |add_ln312_1_fu_5246_p2     |     +    |      0|  0|  21|          10|           9|
    |add_ln312_2_fu_5252_p2     |     +    |      0|  0|  21|          10|          10|
    |add_ln312_3_fu_5105_p2     |     +    |      0|  0|  19|          12|          12|
    |add_ln312_4_fu_5214_p2     |     +    |      0|  0|  19|          12|          12|
    |add_ln312_fu_5037_p2       |     +    |      0|  0|  15|           7|           3|
    |add_ln313_1_fu_5264_p2     |     +    |      0|  0|  21|          11|          10|
    |add_ln313_2_fu_5270_p2     |     +    |      0|  0|  21|          11|          11|
    |add_ln313_3_fu_5133_p2     |     +    |      0|  0|  19|          12|          12|
    |add_ln313_4_fu_5219_p2     |     +    |      0|  0|  19|          12|          12|
    |add_ln313_fu_5043_p2       |     +    |      0|  0|  15|           7|           3|
    |add_ln314_1_fu_5275_p2     |     +    |      0|  0|  21|          11|          11|
    |add_ln314_2_fu_5281_p2     |     +    |      0|  0|  21|          11|          11|
    |add_ln314_3_fu_5161_p2     |     +    |      0|  0|  19|          12|          12|
    |add_ln314_4_fu_5224_p2     |     +    |      0|  0|  19|          12|          12|
    |add_ln314_fu_5049_p2       |     +    |      0|  0|  15|           7|           3|
    |add_ln319_fu_5326_p2       |     +    |      0|  0|  17|          10|          10|
    |add_ln320_fu_5340_p2       |     +    |      0|  0|  17|          10|          10|
    |add_ln321_fu_5353_p2       |     +    |      0|  0|  17|          10|          10|
    |add_ln322_fu_5366_p2       |     +    |      0|  0|  17|          10|          10|
    |add_ln348_10_fu_2433_p2    |     +    |      0|  0|  15|           8|           4|
    |add_ln348_11_fu_2477_p2    |     +    |      0|  0|  15|           8|           4|
    |add_ln348_12_fu_2482_p2    |     +    |      0|  0|  15|           8|           4|
    |add_ln348_13_fu_2536_p2    |     +    |      0|  0|  15|           8|           5|
    |add_ln348_14_fu_2541_p2    |     +    |      0|  0|  15|           8|           5|
    |add_ln348_15_fu_2603_p2    |     +    |      0|  0|  15|           8|           5|
    |add_ln348_16_fu_2608_p2    |     +    |      0|  0|  15|           8|           5|
    |add_ln348_17_fu_2563_p2    |     +    |      0|  0|  15|           5|           5|
    |add_ln348_18_fu_2681_p2    |     +    |      0|  0|  15|           6|           6|
    |add_ln348_19_fu_2726_p2    |     +    |      0|  0|  15|           6|           6|
    |add_ln348_1_fu_2340_p2     |     +    |      0|  0|  15|           8|           3|
    |add_ln348_20_fu_2860_p2    |     +    |      0|  0|  15|           7|           7|
    |add_ln348_21_fu_2897_p2    |     +    |      0|  0|  15|           7|           7|
    |add_ln348_2_fu_2345_p2     |     +    |      0|  0|  15|           8|           3|
    |add_ln348_3_fu_2358_p2     |     +    |      0|  0|  15|           8|           3|
    |add_ln348_4_fu_2363_p2     |     +    |      0|  0|  15|           8|           3|
    |add_ln348_5_fu_2376_p2     |     +    |      0|  0|  15|           8|           4|
    |add_ln348_6_fu_2381_p2     |     +    |      0|  0|  15|           8|           4|
    |add_ln348_7_fu_2402_p2     |     +    |      0|  0|  15|           8|           4|
    |add_ln348_8_fu_2407_p2     |     +    |      0|  0|  15|           8|           4|
    |add_ln348_9_fu_2428_p2     |     +    |      0|  0|  15|           8|           4|
    |add_ln348_fu_2300_p2       |     +    |      0|  0|  15|           8|           8|
    |add_ln352_fu_2939_p2       |     +    |      0|  0|  15|           7|           1|
    |add_ln357_10_fu_3490_p2    |     +    |      0|  0|  23|          16|          16|
    |add_ln357_11_fu_3508_p2    |     +    |      0|  0|  23|          16|          16|
    |add_ln357_12_fu_3723_p2    |     +    |      0|  0|  23|          16|          16|
    |add_ln357_13_fu_3651_p2    |     +    |      0|  0|  23|          16|          16|
    |add_ln357_14_fu_3728_p2    |     +    |      0|  0|  23|          16|          16|
    |add_ln357_15_fu_3656_p2    |     +    |      0|  0|  23|          16|          16|
    |add_ln357_16_fu_3733_p2    |     +    |      0|  0|  23|          16|          16|
    |add_ln357_17_fu_3683_p2    |     +    |      0|  0|  23|          16|          16|
    |add_ln357_18_fu_3738_p2    |     +    |      0|  0|  23|          16|          16|
    |add_ln357_19_fu_3688_p2    |     +    |      0|  0|  23|          16|          16|
    |add_ln357_1_fu_3287_p2     |     +    |      0|  0|  23|          16|          16|
    |add_ln357_20_fu_3743_p2    |     +    |      0|  0|  23|          16|          16|
    |add_ln357_21_fu_3033_p2    |     +    |      0|  0|  19|          12|          12|
    |add_ln357_22_fu_3105_p2    |     +    |      0|  0|  19|          12|           3|
    |add_ln357_23_fu_3110_p2    |     +    |      0|  0|  19|          12|           3|
    |add_ln357_24_fu_3123_p2    |     +    |      0|  0|  19|          12|           3|
    |add_ln357_25_fu_3128_p2    |     +    |      0|  0|  19|          12|           3|
    |add_ln357_26_fu_3163_p2    |     +    |      0|  0|  19|          12|           4|
    |add_ln357_27_fu_3168_p2    |     +    |      0|  0|  19|          12|           4|
    |add_ln357_28_fu_3207_p2    |     +    |      0|  0|  19|          12|           4|
    |add_ln357_29_fu_3212_p2    |     +    |      0|  0|  19|          12|           4|
    |add_ln357_2_fu_3323_p2     |     +    |      0|  0|  23|          16|          16|
    |add_ln357_30_fu_3242_p2    |     +    |      0|  0|  19|          12|           4|
    |add_ln357_31_fu_3247_p2    |     +    |      0|  0|  19|          12|           4|
    |add_ln357_32_fu_3277_p2    |     +    |      0|  0|  19|          12|           4|
    |add_ln357_33_fu_3282_p2    |     +    |      0|  0|  19|          12|           4|
    |add_ln357_34_fu_3313_p2    |     +    |      0|  0|  19|          12|           5|
    |add_ln357_35_fu_3318_p2    |     +    |      0|  0|  19|          12|           5|
    |add_ln357_36_fu_3349_p2    |     +    |      0|  0|  19|          12|           5|
    |add_ln357_37_fu_3354_p2    |     +    |      0|  0|  19|          12|           5|
    |add_ln357_38_fu_3139_p2    |     +    |      0|  0|  12|           4|           3|
    |add_ln357_39_fu_3145_p2    |     +    |      0|  0|  15|           5|           4|
    |add_ln357_3_fu_3359_p2     |     +    |      0|  0|  23|          16|          16|
    |add_ln357_40_fu_3184_p2    |     +    |      0|  0|  15|           5|           5|
    |add_ln357_41_fu_3189_p2    |     +    |      0|  0|  15|           6|           5|
    |add_ln357_42_fu_3225_p2    |     +    |      0|  0|  15|           6|           6|
    |add_ln357_43_fu_3646_p2    |     +    |      0|  0|  15|           6|           6|
    |add_ln357_44_fu_3677_p2    |     +    |      0|  0|  15|           7|           6|
    |add_ln357_45_fu_3705_p2    |     +    |      0|  0|  15|           7|           7|
    |add_ln357_46_fu_3710_p2    |     +    |      0|  0|  15|           7|           7|
    |add_ln357_4_fu_3385_p2     |     +    |      0|  0|  23|          16|          16|
    |add_ln357_5_fu_3403_p2     |     +    |      0|  0|  23|          16|          16|
    |add_ln357_6_fu_3421_p2     |     +    |      0|  0|  23|          16|          16|
    |add_ln357_7_fu_3439_p2     |     +    |      0|  0|  23|          16|          16|
    |add_ln357_8_fu_3456_p2     |     +    |      0|  0|  23|          16|          16|
    |add_ln357_9_fu_3473_p2     |     +    |      0|  0|  23|          16|          16|
    |add_ln357_fu_2993_p2       |     +    |      0|  0|  15|           7|           7|
    |add_ln366_10_fu_4210_p2    |     +    |      0|  0|  23|          16|          16|
    |add_ln366_12_fu_4242_p2    |     +    |      0|  0|  23|          16|          16|
    |add_ln366_13_fu_4258_p2    |     +    |      0|  0|  23|          16|          16|
    |add_ln366_16_fu_4284_p2    |     +    |      0|  0|  23|          16|          16|
    |add_ln366_21_fu_3808_p2    |     +    |      0|  0|  19|          12|          12|
    |add_ln366_22_fu_3883_p2    |     +    |      0|  0|  19|          12|           3|
    |add_ln366_23_fu_3888_p2    |     +    |      0|  0|  19|          12|           3|
    |add_ln366_24_fu_3918_p2    |     +    |      0|  0|  19|          12|           3|
    |add_ln366_25_fu_3923_p2    |     +    |      0|  0|  19|          12|           3|
    |add_ln366_26_fu_3954_p2    |     +    |      0|  0|  19|          12|           4|
    |add_ln366_27_fu_3959_p2    |     +    |      0|  0|  19|          12|           4|
    |add_ln366_28_fu_3989_p2    |     +    |      0|  0|  19|          12|           4|
    |add_ln366_29_fu_3994_p2    |     +    |      0|  0|  19|          12|           4|
    |add_ln366_30_fu_4061_p2    |     +    |      0|  0|  19|          12|           4|
    |add_ln366_31_fu_4066_p2    |     +    |      0|  0|  19|          12|           4|
    |add_ln366_32_fu_4092_p2    |     +    |      0|  0|  19|          12|           4|
    |add_ln366_33_fu_4097_p2    |     +    |      0|  0|  19|          12|           4|
    |add_ln366_34_fu_4148_p2    |     +    |      0|  0|  19|          12|           5|
    |add_ln366_35_fu_4153_p2    |     +    |      0|  0|  19|          12|           5|
    |add_ln366_36_fu_4190_p2    |     +    |      0|  0|  19|          12|           5|
    |add_ln366_37_fu_4195_p2    |     +    |      0|  0|  19|          12|           5|
    |add_ln366_38_fu_4007_p2    |     +    |      0|  0|  15|           5|           5|
    |add_ln366_39_fu_4013_p2    |     +    |      0|  0|  15|           6|           6|
    |add_ln366_40_fu_4079_p2    |     +    |      0|  0|  15|           6|           6|
    |add_ln366_41_fu_4114_p2    |     +    |      0|  0|  15|           7|           7|
    |add_ln366_42_fu_4119_p2    |     +    |      0|  0|  15|           7|           7|
    |add_ln366_4_fu_4037_p2     |     +    |      0|  0|  23|          16|          16|
    |add_ln366_8_fu_4124_p2     |     +    |      0|  0|  23|          16|          16|
    |add_ln366_9_fu_4166_p2     |     +    |      0|  0|  23|          16|          16|
    |add_ln366_fu_3764_p2       |     +    |      0|  0|  15|           7|           7|
    |add_ln409_fu_4722_p2       |     +    |      0|  0|  27|          20|          20|
    |grp_fu_2076_p2             |     +    |      0|  0|  23|          16|          16|
    |grp_fu_2092_p2             |     +    |      0|  0|  23|          16|          16|
    |grp_fu_2108_p2             |     +    |      0|  0|  23|          16|          16|
    |grp_fu_2124_p2             |     +    |      0|  0|  23|          16|          16|
    |grp_fu_2140_p2             |     +    |      0|  0|  23|          16|          16|
    |grp_fu_2156_p2             |     +    |      0|  0|  23|          16|          16|
    |i_4_fu_2270_p2             |     +    |      0|  0|  11|           3|           1|
    |i_5_fu_3525_p2             |     +    |      0|  0|  11|           3|           1|
    |i_6_fu_3754_p2             |     +    |      0|  0|  11|           3|           1|
    |i_fu_5017_p2               |     +    |      0|  0|  15|           5|           1|
    |j_3_fu_5320_p2             |     +    |      0|  0|  15|           5|           1|
    |j_4_fu_5173_p2             |     +    |      0|  0|  15|           5|           1|
    |j_5_fu_4897_p2             |     +    |      0|  0|  15|           5|           1|
    |j_8_fu_4367_p2             |     +    |      0|  0|  15|           5|           1|
    |j_fu_4960_p2               |     +    |      0|  0|  15|           5|           1|
    |k_fu_2945_p2               |     +    |      0|  0|  15|           5|           1|
    |lstm_output_1_fu_4941_p2   |     +    |      0|  0|  23|          16|          16|
    |grp_fu_2190_p2             |     -    |      0|  0|  20|           1|          13|
    |sub_ln341_fu_2231_p2       |     -    |      0|  0|  23|          16|          16|
    |sub_ln342_fu_2238_p2       |     -    |      0|  0|  39|          32|          32|
    |sub_ln378_1_fu_4611_p2     |     -    |      0|  0|  21|          14|          13|
    |sub_ln378_fu_4548_p2       |     -    |      0|  0|  18|           1|          11|
    |sub_ln387_1_fu_4650_p2     |     -    |      0|  0|  21|          14|          13|
    |sub_ln387_fu_4573_p2       |     -    |      0|  0|  18|           1|          11|
    |sub_ln396_1_fu_4815_p2     |     -    |      0|  0|  21|          14|          13|
    |sub_ln396_fu_4694_p2       |     -    |      0|  0|  18|           1|          11|
    |sub_ln405_fu_4587_p2       |     -    |      0|  0|  18|           1|          11|
    |sub_ln416_fu_4859_p2       |     -    |      0|  0|  18|           1|          11|
    |and_ln375_fu_4449_p2       |    and   |      0|  0|   2|           1|           1|
    |and_ln377_fu_4539_p2       |    and   |      0|  0|   2|           1|           1|
    |and_ln384_fu_4474_p2       |    and   |      0|  0|   2|           1|           1|
    |and_ln386_fu_4560_p2       |    and   |      0|  0|   2|           1|           1|
    |and_ln393_fu_4631_p2       |    and   |      0|  0|   2|           1|           1|
    |and_ln395_fu_4685_p2       |    and   |      0|  0|   2|           1|           1|
    |and_ln402_fu_4505_p2       |    and   |      0|  0|   2|           1|           1|
    |and_ln404_fu_4578_p2       |    and   |      0|  0|   2|           1|           1|
    |and_ln413_fu_4800_p2       |    and   |      0|  0|   2|           1|           1|
    |and_ln415_fu_4850_p2       |    and   |      0|  0|   2|           1|           1|
    |grp_fu_2172_p2             |   icmp   |      0|  0|  11|           6|           1|
    |grp_fu_2178_p2             |   icmp   |      0|  0|  11|           6|           1|
    |grp_fu_2184_p2             |   icmp   |      0|  0|  13|          16|          12|
    |grp_fu_2196_p2             |   icmp   |      0|  0|  13|          16|          11|
    |grp_fu_2202_p2             |   icmp   |      0|  0|  13|          16|          11|
    |icmp_ln302_fu_4954_p2      |   icmp   |      0|  0|  11|           5|           5|
    |icmp_ln309_fu_5011_p2      |   icmp   |      0|  0|  11|           5|           5|
    |icmp_ln310_fu_5167_p2      |   icmp   |      0|  0|  11|           5|           5|
    |icmp_ln318_fu_5314_p2      |   icmp   |      0|  0|  11|           5|           5|
    |icmp_ln344_fu_2264_p2      |   icmp   |      0|  0|   9|           3|           4|
    |icmp_ln352_fu_2933_p2      |   icmp   |      0|  0|  11|           7|           7|
    |icmp_ln353_fu_2951_p2      |   icmp   |      0|  0|   9|           3|           4|
    |icmp_ln362_fu_3748_p2      |   icmp   |      0|  0|   9|           3|           4|
    |icmp_ln371_fu_4361_p2      |   icmp   |      0|  0|  11|           5|           5|
    |icmp_ln382_fu_4415_p2      |   icmp   |      0|  0|  11|           6|           1|
    |icmp_ln386_fu_4554_p2      |   icmp   |      0|  0|  13|          16|          12|
    |icmp_ln402_fu_4499_p2      |   icmp   |      0|  0|  11|           6|           1|
    |icmp_ln411_fu_4756_p2      |   icmp   |      0|  0|  11|           5|           1|
    |icmp_ln413_fu_4795_p2      |   icmp   |      0|  0|  11|           5|           1|
    |icmp_ln415_fu_4844_p2      |   icmp   |      0|  0|  13|          16|          12|
    |icmp_ln417_fu_4830_p2      |   icmp   |      0|  0|  13|          16|          11|
    |icmp_ln423_fu_4891_p2      |   icmp   |      0|  0|  11|           5|           5|
    |or_ln348_1_fu_2320_p2      |    or    |      0|  0|   8|           2|           8|
    |or_ln348_2_fu_2330_p2      |    or    |      0|  0|   8|           2|           8|
    |or_ln348_fu_2310_p2        |    or    |      0|  0|   8|           1|           8|
    |or_ln357_1_fu_3085_p2      |    or    |      0|  0|  12|           2|          12|
    |or_ln357_2_fu_3095_p2      |    or    |      0|  0|  12|           2|          12|
    |or_ln357_fu_3059_p2        |    or    |      0|  0|  12|           1|          12|
    |or_ln366_1_fu_3863_p2      |    or    |      0|  0|  12|           2|          12|
    |or_ln366_2_fu_3873_p2      |    or    |      0|  0|  12|           2|          12|
    |or_ln366_fu_3835_p2        |    or    |      0|  0|  12|           1|          12|
    |or_ln382_fu_4386_p2        |    or    |      0|  0|   7|           7|           1|
    |or_ln391_fu_4421_p2        |    or    |      0|  0|   7|           7|           2|
    |or_ln400_fu_4401_p2        |    or    |      0|  0|   7|           7|           2|
    |select_ln352_1_fu_2965_p3  |  select  |      0|  0|   5|           1|           5|
    |select_ln352_fu_2957_p3    |  select  |      0|  0|   3|           1|           1|
    |select_ln411_fu_4761_p3    |  select  |      0|  0|  15|           1|          13|
    |ap_enable_pp0              |    xor   |      0|  0|   2|           1|           2|
    |ap_enable_pp1              |    xor   |      0|  0|   2|           1|           2|
    |ap_enable_pp3              |    xor   |      0|  0|   2|           1|           2|
    |ap_enable_pp4              |    xor   |      0|  0|   2|           1|           2|
    |ap_enable_reg_pp4_iter1    |    xor   |      0|  0|   2|           2|           1|
    |xor_ln348_fu_2487_p2       |    xor   |      0|  0|   4|           3|           4|
    |xor_ln357_fu_2984_p2       |    xor   |      0|  0|   4|           3|           4|
    |xor_ln366_fu_3775_p2       |    xor   |      0|  0|   4|           3|           4|
    |xor_ln375_fu_4443_p2       |    xor   |      0|  0|   2|           1|           2|
    |xor_ln384_fu_4468_p2       |    xor   |      0|  0|   2|           1|           2|
    |xor_ln393_fu_4625_p2       |    xor   |      0|  0|   2|           1|           2|
    |xor_ln402_fu_4493_p2       |    xor   |      0|  0|   2|           1|           2|
    |xor_ln413_fu_4789_p2       |    xor   |      0|  0|   2|           1|           2|
    +---------------------------+----------+-------+---+----+------------+------------+
    |Total                      |          |      0|  0|3359|        1903|        1616|
    +---------------------------+----------+-------+---+----+------------+------------+

    * Multiplexer: 
    +------------------------------------------+-----+-----------+-----+-----------+
    |                   Name                   | LUT | Input Size| Bits| Total Bits|
    +------------------------------------------+-----+-----------+-----+-----------+
    |ap_NS_fsm                                 |  665|        150|    1|        150|
    |ap_enable_reg_pp0_iter1                   |    9|          2|    1|          2|
    |ap_enable_reg_pp1_iter2                   |    9|          2|    1|          2|
    |ap_enable_reg_pp3_iter5                   |    9|          2|    1|          2|
    |ap_enable_reg_pp4_iter1                   |    9|          2|    1|          2|
    |ap_enable_reg_pp4_iter6                   |    9|          2|    1|          2|
    |ap_phi_mux_i_1_phi_fu_1819_p4             |    9|          2|    3|          6|
    |ap_phi_mux_i_2_phi_fu_1854_p4             |    9|          2|    3|          6|
    |ap_phi_mux_indvar_flatten_phi_fu_1831_p4  |    9|          2|    7|         14|
    |ap_phi_mux_j_6_phi_fu_1877_p4             |    9|          2|    5|         10|
    |ap_phi_mux_j_7_phi_fu_1900_p4             |    9|          2|    5|         10|
    |ap_phi_mux_k_2_phi_fu_1842_p4             |    9|          2|    5|         10|
    |c_state_address0                          |   53|         12|    5|         60|
    |c_state_address1                          |   53|         12|    5|         60|
    |c_state_d1                                |   15|          3|   16|         48|
    |h_state_address0                          |   62|         15|    5|         75|
    |h_state_address1                          |   56|         13|    5|         65|
    |h_state_d0                                |   15|          3|   16|         48|
    |h_state_d1                                |   33|          6|   16|         96|
    |i_0_reg_1919                              |    9|          2|    5|         10|
    |i_1_reg_1815                              |    9|          2|    3|          6|
    |i_2_reg_1850                              |    9|          2|    3|          6|
    |i_3_reg_1861                              |    9|          2|    3|          6|
    |indvar_flatten_reg_1827                   |    9|          2|    7|         14|
    |j_0_reg_1908                              |    9|          2|    5|         10|
    |j_1_reg_1930                              |    9|          2|    5|         10|
    |j_2_reg_1941                              |    9|          2|    5|         10|
    |j_6_reg_1873                              |    9|          2|    5|         10|
    |j_7_reg_1896                              |    9|          2|    5|         10|
    |k_2_reg_1838                              |    9|          2|    5|         10|
    |lstm_output_0_reg_1885                    |    9|          2|   16|         32|
    |lstm_state_address0                       |  265|         62|    7|        434|
    |lstm_state_address1                       |  253|         59|    7|        413|
    |lstm_state_d0                             |  165|         37|   16|        592|
    |lstm_state_d1                             |  173|         39|   16|        624|
    |lut_sigmoid_address0                      |   38|          7|   10|         70|
    |lut_tanh_address0                         |   27|          5|   10|         50|
    |reg_1984                                  |    9|          2|   16|         32|
    |reg_1989                                  |    9|          2|   16|         32|
    |reg_1994                                  |    9|          2|   16|         32|
    |reg_1999                                  |    9|          2|   16|         32|
    |reg_2004                                  |    9|          2|   16|         32|
    |reg_2021                                  |    9|          2|   16|         32|
    |reg_2026                                  |    9|          2|   16|         32|
    |reg_2031                                  |    9|          2|   16|         32|
    |reg_2040                                  |    9|          2|   16|         32|
    |weight_Addr_A_orig                        |   62|         15|   32|        480|
    |weight_l_address0                         |  165|         37|   11|        407|
    |weight_l_address1                         |  165|         37|   11|        407|
    +------------------------------------------+-----+-----------+-----+-----------+
    |Total                                     | 2553|        576|  433|       4567|
    +------------------------------------------+-----+-----------+-----+-----------+

    * Register: 
    +------------------------------------------+-----+----+-----+-----------+
    |                   Name                   |  FF | LUT| Bits| Const Bits|
    +------------------------------------------+-----+----+-----+-----------+
    |add_ln304_reg_7778                        |    6|   0|    6|          0|
    |add_ln305_reg_7793                        |    6|   0|    6|          0|
    |add_ln306_reg_7808                        |    7|   0|    7|          0|
    |add_ln311_1_reg_7904                      |    7|   0|    9|          2|
    |add_ln311_2_reg_7931                      |    9|   0|    9|          0|
    |add_ln311_4_reg_7876                      |    8|   0|   12|          4|
    |add_ln311_5_reg_7911                      |   12|   0|   12|          0|
    |add_ln311_reg_7852                        |    5|   0|    7|          2|
    |add_ln312_2_reg_7941                      |   10|   0|   10|          0|
    |add_ln312_3_reg_7881                      |    8|   0|   12|          4|
    |add_ln312_4_reg_7916                      |   12|   0|   12|          0|
    |add_ln312_reg_7858                        |    5|   0|    7|          2|
    |add_ln313_2_reg_7951                      |   11|   0|   11|          0|
    |add_ln313_3_reg_7886                      |    8|   0|   12|          4|
    |add_ln313_4_reg_7921                      |   12|   0|   12|          0|
    |add_ln313_reg_7864                        |    5|   0|    7|          2|
    |add_ln314_2_reg_7956                      |   11|   0|   11|          0|
    |add_ln314_3_reg_7891                      |    8|   0|   12|          4|
    |add_ln314_4_reg_7926                      |   12|   0|   12|          0|
    |add_ln314_reg_7870                        |    5|   0|    7|          2|
    |add_ln319_reg_7986                        |   10|   0|   10|          0|
    |add_ln320_reg_8001                        |   10|   0|   10|          0|
    |add_ln321_reg_8011                        |   10|   0|   10|          0|
    |add_ln322_reg_8026                        |   10|   0|   10|          0|
    |add_ln348_10_reg_5869                     |    6|   0|    8|          2|
    |add_ln348_11_reg_5904                     |    6|   0|    8|          2|
    |add_ln348_12_reg_5909                     |    6|   0|    8|          2|
    |add_ln348_13_reg_5951                     |    6|   0|    8|          2|
    |add_ln348_14_reg_5956                     |    6|   0|    8|          2|
    |add_ln348_15_reg_5997                     |    6|   0|    8|          2|
    |add_ln348_16_reg_6002                     |    6|   0|    8|          2|
    |add_ln348_17_reg_5961                     |    5|   0|    5|          0|
    |add_ln348_18_reg_6042                     |    6|   0|    6|          0|
    |add_ln348_19_reg_6067                     |    6|   0|    6|          0|
    |add_ln348_1_reg_5764                      |    6|   0|    8|          2|
    |add_ln348_20_reg_6137                     |    7|   0|    7|          0|
    |add_ln348_21_reg_6152                     |    7|   0|    7|          0|
    |add_ln348_2_reg_5769                      |    6|   0|    8|          2|
    |add_ln348_3_reg_5784                      |    6|   0|    8|          2|
    |add_ln348_4_reg_5789                      |    6|   0|    8|          2|
    |add_ln348_5_reg_5804                      |    6|   0|    8|          2|
    |add_ln348_6_reg_5809                      |    6|   0|    8|          2|
    |add_ln348_7_reg_5834                      |    6|   0|    8|          2|
    |add_ln348_8_reg_5839                      |    6|   0|    8|          2|
    |add_ln348_9_reg_5864                      |    6|   0|    8|          2|
    |add_ln348_reg_5720                        |    6|   0|    8|          2|
    |add_ln352_reg_6171                        |    7|   0|    7|          0|
    |add_ln357_10_reg_6738                     |   16|   0|   16|          0|
    |add_ln357_11_reg_6753                     |   16|   0|   16|          0|
    |add_ln357_12_reg_6938                     |   16|   0|   16|          0|
    |add_ln357_13_reg_6865                     |   16|   0|   16|          0|
    |add_ln357_14_reg_6943                     |   16|   0|   16|          0|
    |add_ln357_15_reg_6870                     |   16|   0|   16|          0|
    |add_ln357_16_reg_6948                     |   16|   0|   16|          0|
    |add_ln357_17_reg_6896                     |   16|   0|   16|          0|
    |add_ln357_18_reg_6953                     |   16|   0|   16|          0|
    |add_ln357_19_reg_6901                     |   16|   0|   16|          0|
    |add_ln357_1_reg_6518                      |   16|   0|   16|          0|
    |add_ln357_20_reg_6958                     |   16|   0|   16|          0|
    |add_ln357_21_reg_6233                     |   10|   0|   12|          2|
    |add_ln357_22_reg_6299                     |   10|   0|   12|          2|
    |add_ln357_23_reg_6304                     |   10|   0|   12|          2|
    |add_ln357_24_reg_6319                     |   10|   0|   12|          2|
    |add_ln357_25_reg_6324                     |   10|   0|   12|          2|
    |add_ln357_26_reg_6378                     |   10|   0|   12|          2|
    |add_ln357_27_reg_6383                     |   10|   0|   12|          2|
    |add_ln357_28_reg_6432                     |   10|   0|   12|          2|
    |add_ln357_29_reg_6437                     |   10|   0|   12|          2|
    |add_ln357_2_reg_6563                      |   16|   0|   16|          0|
    |add_ln357_30_reg_6473                     |   10|   0|   12|          2|
    |add_ln357_31_reg_6478                     |   10|   0|   12|          2|
    |add_ln357_32_reg_6508                     |   10|   0|   12|          2|
    |add_ln357_33_reg_6513                     |   10|   0|   12|          2|
    |add_ln357_34_reg_6553                     |   10|   0|   12|          2|
    |add_ln357_35_reg_6558                     |   10|   0|   12|          2|
    |add_ln357_36_reg_6593                     |   10|   0|   12|          2|
    |add_ln357_37_reg_6598                     |   10|   0|   12|          2|
    |add_ln357_38_reg_6334                     |    4|   0|    4|          0|
    |add_ln357_39_reg_6339                     |    5|   0|    5|          0|
    |add_ln357_3_reg_6603                      |   16|   0|   16|          0|
    |add_ln357_40_reg_6406                     |    5|   0|    5|          0|
    |add_ln357_40_reg_6406_pp1_iter1_reg       |    5|   0|    5|          0|
    |add_ln357_41_reg_6412                     |    6|   0|    6|          0|
    |add_ln357_42_reg_6453                     |    6|   0|    6|          0|
    |add_ln357_43_reg_6860                     |    6|   0|    6|          0|
    |add_ln357_44_reg_6891                     |    7|   0|    7|          0|
    |add_ln357_45_reg_6917                     |    7|   0|    7|          0|
    |add_ln357_46_reg_6922                     |    7|   0|    7|          0|
    |add_ln357_4_reg_6633                      |   16|   0|   16|          0|
    |add_ln357_5_reg_6653                      |   16|   0|   16|          0|
    |add_ln357_6_reg_6673                      |   16|   0|   16|          0|
    |add_ln357_7_reg_6693                      |   16|   0|   16|          0|
    |add_ln357_8_reg_6708                      |   16|   0|   16|          0|
    |add_ln357_9_reg_6723                      |   16|   0|   16|          0|
    |add_ln357_reg_6216                        |    7|   0|    7|          0|
    |add_ln366_21_reg_7000                     |   10|   0|   12|          2|
    |add_ln366_22_reg_7065                     |   10|   0|   12|          2|
    |add_ln366_23_reg_7070                     |   10|   0|   12|          2|
    |add_ln366_24_reg_7097                     |   10|   0|   12|          2|
    |add_ln366_25_reg_7102                     |   10|   0|   12|          2|
    |add_ln366_26_reg_7128                     |   10|   0|   12|          2|
    |add_ln366_27_reg_7133                     |   10|   0|   12|          2|
    |add_ln366_28_reg_7158                     |   10|   0|   12|          2|
    |add_ln366_29_reg_7163                     |   10|   0|   12|          2|
    |add_ln366_30_reg_7215                     |   10|   0|   12|          2|
    |add_ln366_31_reg_7220                     |   10|   0|   12|          2|
    |add_ln366_32_reg_7251                     |   10|   0|   12|          2|
    |add_ln366_33_reg_7256                     |   10|   0|   12|          2|
    |add_ln366_34_reg_7297                     |   10|   0|   12|          2|
    |add_ln366_35_reg_7302                     |   10|   0|   12|          2|
    |add_ln366_36_reg_7333                     |   10|   0|   12|          2|
    |add_ln366_37_reg_7338                     |   10|   0|   12|          2|
    |add_ln366_38_reg_7173                     |    5|   0|    5|          0|
    |add_ln366_39_reg_7179                     |    6|   0|    6|          0|
    |add_ln366_40_reg_7236                     |    6|   0|    6|          0|
    |add_ln366_41_reg_7272                     |    7|   0|    7|          0|
    |add_ln366_42_reg_7277                     |    7|   0|    7|          0|
    |add_ln366_reg_6977                        |    7|   0|    7|          0|
    |and_ln375_reg_7436                        |    1|   0|    1|          0|
    |and_ln377_reg_7477                        |    1|   0|    1|          0|
    |and_ln384_reg_7445                        |    1|   0|    1|          0|
    |and_ln386_reg_7486                        |    1|   0|    1|          0|
    |and_ln393_reg_7534                        |    1|   0|    1|          0|
    |and_ln395_reg_7597                        |    1|   0|    1|          0|
    |and_ln402_reg_7454                        |    1|   0|    1|          0|
    |and_ln404_reg_7510                        |    1|   0|    1|          0|
    |and_ln413_reg_7647                        |    1|   0|    1|          0|
    |and_ln415_reg_7677                        |    1|   0|    1|          0|
    |ap_CS_fsm                                 |  149|   0|  149|          0|
    |ap_enable_reg_pp0_iter0                   |    1|   0|    1|          0|
    |ap_enable_reg_pp0_iter1                   |    1|   0|    1|          0|
    |ap_enable_reg_pp1_iter0                   |    1|   0|    1|          0|
    |ap_enable_reg_pp1_iter1                   |    1|   0|    1|          0|
    |ap_enable_reg_pp1_iter2                   |    1|   0|    1|          0|
    |ap_enable_reg_pp3_iter0                   |    1|   0|    1|          0|
    |ap_enable_reg_pp3_iter1                   |    1|   0|    1|          0|
    |ap_enable_reg_pp3_iter2                   |    1|   0|    1|          0|
    |ap_enable_reg_pp3_iter3                   |    1|   0|    1|          0|
    |ap_enable_reg_pp3_iter4                   |    1|   0|    1|          0|
    |ap_enable_reg_pp3_iter5                   |    1|   0|    1|          0|
    |ap_enable_reg_pp4_iter0                   |    1|   0|    1|          0|
    |ap_enable_reg_pp4_iter1                   |    1|   0|    1|          0|
    |ap_enable_reg_pp4_iter2                   |    1|   0|    1|          0|
    |ap_enable_reg_pp4_iter3                   |    1|   0|    1|          0|
    |ap_enable_reg_pp4_iter4                   |    1|   0|    1|          0|
    |ap_enable_reg_pp4_iter5                   |    1|   0|    1|          0|
    |ap_enable_reg_pp4_iter6                   |    1|   0|    1|          0|
    |c_state_addr_reg_7543                     |    5|   0|    5|          0|
    |c_state_addr_reg_7543_pp3_iter2_reg       |    5|   0|    5|          0|
    |c_state_load_reg_7560                     |   16|   0|   16|          0|
    |h_state_addr_2_reg_7549                   |    5|   0|    5|          0|
    |i_0_reg_1919                              |    5|   0|    5|          0|
    |i_1_reg_1815                              |    3|   0|    3|          0|
    |i_1_reg_1815_pp0_iter1_reg                |    3|   0|    3|          0|
    |i_2_reg_1850                              |    3|   0|    3|          0|
    |i_3_reg_1861                              |    3|   0|    3|          0|
    |i_4_reg_5715                              |    3|   0|    3|          0|
    |i_5_reg_6768                              |    3|   0|    3|          0|
    |i_6_reg_6966                              |    3|   0|    3|          0|
    |i_reg_7847                                |    5|   0|    5|          0|
    |icmp_ln344_reg_5711                       |    1|   0|    1|          0|
    |icmp_ln344_reg_5711_pp0_iter1_reg         |    1|   0|    1|          0|
    |icmp_ln352_reg_6167                       |    1|   0|    1|          0|
    |icmp_ln352_reg_6167_pp1_iter1_reg         |    1|   0|    1|          0|
    |icmp_ln353_reg_6181                       |    1|   0|    1|          0|
    |icmp_ln371_reg_7388                       |    1|   0|    1|          0|
    |icmp_ln388_reg_7568                       |    1|   0|    1|          0|
    |icmp_ln391_reg_7463                       |    1|   0|    1|          0|
    |icmp_ln397_reg_7664                       |    1|   0|    1|          0|
    |icmp_ln406_reg_7668                       |    1|   0|    1|          0|
    |icmp_ln423_reg_7711                       |    1|   0|    1|          0|
    |indvar_flatten_reg_1827                   |    7|   0|    7|          0|
    |j_0_reg_1908                              |    5|   0|    5|          0|
    |j_1_reg_1930                              |    5|   0|    5|          0|
    |j_2_reg_1941                              |    5|   0|    5|          0|
    |j_3_reg_7981                              |    5|   0|    5|          0|
    |j_4_reg_7899                              |    5|   0|    5|          0|
    |j_5_reg_7715                              |    5|   0|    5|          0|
    |j_6_reg_1873                              |    5|   0|    5|          0|
    |j_7_reg_1896                              |    5|   0|    5|          0|
    |j_8_reg_7392                              |    5|   0|    5|          0|
    |j_reg_7768                                |    5|   0|    5|          0|
    |k_2_reg_1838                              |    5|   0|    5|          0|
    |k_reg_6176                                |    5|   0|    5|          0|
    |lstm_output_0_reg_1885                    |   16|   0|   16|          0|
    |lstm_state_addr_1_reg_7403                |    5|   0|    7|          2|
    |lstm_state_addr_1_reg_7403_pp3_iter1_reg  |    5|   0|    7|          2|
    |lstm_state_addr_24_reg_6983               |    3|   0|    7|          4|
    |lstm_state_addr_25_reg_6995               |    3|   0|    7|          4|
    |lstm_state_addr_26_reg_7024               |    3|   0|    7|          4|
    |lstm_state_addr_27_reg_7029               |    4|   0|    7|          3|
    |lstm_state_addr_28_reg_7044               |    3|   0|    7|          4|
    |lstm_state_addr_29_reg_7225               |    5|   0|    7|          2|
    |lstm_state_addr_30_reg_7049               |    3|   0|    7|          4|
    |lstm_state_addr_31_reg_7075               |    5|   0|    7|          2|
    |lstm_state_addr_32_reg_7081               |    3|   0|    7|          4|
    |lstm_state_addr_33_reg_7231               |    6|   0|    7|          1|
    |lstm_state_addr_34_reg_7107               |    3|   0|    7|          4|
    |lstm_state_addr_35_reg_7261               |    6|   0|    7|          1|
    |lstm_state_addr_36_reg_7112               |    3|   0|    7|          4|
    |lstm_state_addr_37_reg_7267               |    6|   0|    7|          1|
    |lstm_state_addr_38_reg_7138               |    3|   0|    7|          4|
    |lstm_state_addr_39_reg_7143               |    6|   0|    7|          1|
    |lstm_state_addr_40_reg_7184               |    3|   0|    7|          4|
    |lstm_state_addr_41_reg_7307               |    7|   0|    7|          0|
    |lstm_state_addr_42_reg_7189               |    3|   0|    7|          4|
    |lstm_state_addr_43_reg_7313               |    7|   0|    7|          0|
    |lstm_state_addr_44_reg_6222               |    3|   0|    7|          4|
    |lstm_state_addr_45_reg_6394               |    4|   0|    7|          3|
    |lstm_state_addr_46_reg_6227               |    3|   0|    7|          4|
    |lstm_state_addr_47_reg_6400               |    5|   0|    7|          2|
    |lstm_state_addr_48_reg_6257               |    3|   0|    7|          4|
    |lstm_state_addr_49_reg_6442               |    5|   0|    7|          2|
    |lstm_state_addr_4_reg_7409                |    5|   0|    7|          2|
    |lstm_state_addr_4_reg_7409_pp3_iter1_reg  |    5|   0|    7|          2|
    |lstm_state_addr_50_reg_6262               |    3|   0|    7|          4|
    |lstm_state_addr_51_reg_6447               |    6|   0|    7|          1|
    |lstm_state_addr_52_reg_6278               |    3|   0|    7|          4|
    |lstm_state_addr_53_reg_6483               |    6|   0|    7|          1|
    |lstm_state_addr_54_reg_6283               |    3|   0|    7|          4|
    |lstm_state_addr_55_reg_6886               |    6|   0|    7|          1|
    |lstm_state_addr_56_reg_6813               |    3|   0|    7|          4|
    |lstm_state_addr_57_reg_6906               |    6|   0|    7|          1|
    |lstm_state_addr_58_reg_6819               |    3|   0|    7|          4|
    |lstm_state_addr_59_reg_6912               |    7|   0|    7|          0|
    |lstm_state_addr_5_reg_7430                |    5|   0|    7|          2|
    |lstm_state_addr_60_reg_6834               |    3|   0|    7|          4|
    |lstm_state_addr_61_reg_6927               |    7|   0|    7|          0|
    |lstm_state_addr_62_reg_6840               |    3|   0|    7|          4|
    |lstm_state_addr_63_reg_6933               |    7|   0|    7|          0|
    |lstm_state_addr_6_reg_7415                |    5|   0|    7|          2|
    |lstm_state_addr_6_reg_7415_pp3_iter1_reg  |    5|   0|    7|          2|
    |lstm_state_load_47_reg_6533               |   16|   0|   16|          0|
    |reg_1980                                  |   16|   0|   16|          0|
    |reg_1984                                  |   16|   0|   16|          0|
    |reg_1989                                  |   16|   0|   16|          0|
    |reg_1994                                  |   16|   0|   16|          0|
    |reg_1999                                  |   16|   0|   16|          0|
    |reg_2004                                  |   16|   0|   16|          0|
    |reg_2009                                  |   16|   0|   16|          0|
    |reg_2013                                  |   16|   0|   16|          0|
    |reg_2017                                  |   16|   0|   16|          0|
    |reg_2021                                  |   16|   0|   16|          0|
    |reg_2026                                  |   16|   0|   16|          0|
    |reg_2031                                  |   16|   0|   16|          0|
    |reg_2036                                  |   16|   0|   16|          0|
    |reg_2040                                  |   16|   0|   16|          0|
    |reg_2045                                  |   16|   0|   16|          0|
    |reg_2049                                  |    6|   0|    6|          0|
    |reg_2053                                  |    6|   0|    6|          0|
    |reg_2057                                  |   12|   0|   12|          0|
    |reg_2061                                  |   13|   0|   13|          0|
    |reg_2065                                  |   12|   0|   12|          0|
    |reg_2069                                  |   16|   0|   16|          0|
    |reg_2208                                  |   11|   0|   11|          0|
    |reg_2212                                  |   11|   0|   11|          0|
    |reg_2216                                  |   11|   0|   11|          0|
    |reg_2220                                  |   11|   0|   11|          0|
    |reg_2224                                  |   13|   0|   13|          0|
    |select_ln352_1_reg_6206                   |    5|   0|    5|          0|
    |select_ln352_reg_6186                     |    3|   0|    3|          0|
    |select_ln352_reg_6186_pp1_iter1_reg       |    3|   0|    3|          0|
    |select_ln411_reg_7636                     |   15|   0|   15|          0|
    |sext_ln352_reg_6344                       |   28|   0|   28|          0|
    |sub_ln341_reg_5672                        |   16|   0|   16|          0|
    |sub_ln342_reg_5677                        |   32|   0|   32|          0|
    |sub_ln378_1_reg_7529                      |   13|   0|   13|          0|
    |sub_ln378_reg_7481                        |   11|   0|   11|          0|
    |sub_ln387_1_reg_7555                      |   13|   0|   13|          0|
    |sub_ln387_reg_7505                        |   11|   0|   11|          0|
    |sub_ln396_1_reg_7656                      |   13|   0|   13|          0|
    |sub_ln396_reg_7601                        |   11|   0|   11|          0|
    |sub_ln405_reg_7514                        |   11|   0|   11|          0|
    |sub_ln416_reg_7681                        |   11|   0|   11|          0|
    |tmp_45_reg_7397                           |    5|   0|    7|          2|
    |tmp_52_reg_7467                           |    1|   0|    1|          0|
    |tmp_56_reg_7472                           |    1|   0|    1|          0|
    |tmp_60_reg_7582                           |    1|   0|    1|          0|
    |tmp_64_reg_7495                           |    1|   0|    1|          0|
    |tmp_65_reg_7631                           |    5|   0|    5|          0|
    |tmp_67_reg_7642                           |    5|   0|    5|          0|
    |tmp_68_reg_7672                           |    1|   0|    1|          0|
    |trunc_ln1_reg_6488                        |   16|   0|   16|          0|
    |trunc_ln348_10_reg_6077                   |   16|   0|   16|          0|
    |trunc_ln348_11_reg_6092                   |   16|   0|   16|          0|
    |trunc_ln348_12_reg_6097                   |   16|   0|   16|          0|
    |trunc_ln348_13_reg_6112                   |   16|   0|   16|          0|
    |trunc_ln348_14_reg_6117                   |   16|   0|   16|          0|
    |trunc_ln348_15_reg_6142                   |   16|   0|   16|          0|
    |trunc_ln348_16_reg_6147                   |   16|   0|   16|          0|
    |trunc_ln348_17_reg_6157                   |   16|   0|   16|          0|
    |trunc_ln348_18_reg_6162                   |   16|   0|   16|          0|
    |trunc_ln348_1_reg_5879                    |   16|   0|   16|          0|
    |trunc_ln348_2_reg_5921                    |   16|   0|   16|          0|
    |trunc_ln348_3_reg_5926                    |   16|   0|   16|          0|
    |trunc_ln348_4_reg_5967                    |   16|   0|   16|          0|
    |trunc_ln348_5_reg_5972                    |   16|   0|   16|          0|
    |trunc_ln348_6_reg_6007                    |   16|   0|   16|          0|
    |trunc_ln348_7_reg_6012                    |   16|   0|   16|          0|
    |trunc_ln348_8_reg_6047                    |   16|   0|   16|          0|
    |trunc_ln348_9_reg_6052                    |   16|   0|   16|          0|
    |trunc_ln348_s_reg_6072                    |   16|   0|   16|          0|
    |trunc_ln357_10_reg_6758                   |   16|   0|   16|          0|
    |trunc_ln357_11_reg_6773                   |   16|   0|   16|          0|
    |trunc_ln357_12_reg_6783                   |   16|   0|   16|          0|
    |trunc_ln357_13_reg_6793                   |   16|   0|   16|          0|
    |trunc_ln357_14_reg_6803                   |   16|   0|   16|          0|
    |trunc_ln357_15_reg_6824                   |   16|   0|   16|          0|
    |trunc_ln357_16_reg_6845                   |   16|   0|   16|          0|
    |trunc_ln357_17_reg_6855                   |   16|   0|   16|          0|
    |trunc_ln357_18_reg_6875                   |   16|   0|   16|          0|
    |trunc_ln357_1_reg_6523                    |   16|   0|   16|          0|
    |trunc_ln357_2_reg_6568                    |   16|   0|   16|          0|
    |trunc_ln357_3_reg_6608                    |   16|   0|   16|          0|
    |trunc_ln357_4_reg_6638                    |   16|   0|   16|          0|
    |trunc_ln357_5_reg_6658                    |   16|   0|   16|          0|
    |trunc_ln357_6_reg_6678                    |   16|   0|   16|          0|
    |trunc_ln357_7_reg_6698                    |   16|   0|   16|          0|
    |trunc_ln357_8_reg_6713                    |   16|   0|   16|          0|
    |trunc_ln357_9_reg_6728                    |   16|   0|   16|          0|
    |trunc_ln357_s_reg_6743                    |   16|   0|   16|          0|
    |trunc_ln367_10_reg_7363                   |   11|   0|   11|          0|
    |trunc_ln367_11_reg_7368                   |   11|   0|   11|          0|
    |trunc_ln367_12_reg_7373                   |   11|   0|   11|          0|
    |trunc_ln367_14_reg_7378                   |   11|   0|   11|          0|
    |trunc_ln367_18_reg_7383                   |   11|   0|   11|          0|
    |trunc_ln367_2_reg_7195                    |   11|   0|   11|          0|
    |trunc_ln367_3_reg_7200                    |   11|   0|   11|          0|
    |trunc_ln367_7_reg_7282                    |   11|   0|   11|          0|
    |trunc_ln367_8_reg_7318                    |   11|   0|   11|          0|
    |trunc_ln367_9_reg_7343                    |   11|   0|   11|          0|
    |trunc_ln367_s_reg_7348                    |   11|   0|   11|          0|
    |trunc_ln387_reg_7490                      |   11|   0|   11|          0|
    |trunc_ln3_reg_7745                        |   16|   0|   16|          0|
    |trunc_ln409_1_reg_7606                    |   20|   0|   20|          0|
    |trunc_ln409_2_reg_7616                    |   20|   0|   20|          0|
    |trunc_ln4_reg_7701                        |   16|   0|   16|          0|
    |trunc_ln8_reg_7621                        |   16|   0|   16|          0|
    |trunc_ln9_reg_7626                        |   15|   0|   15|          0|
    |trunc_ln_reg_5874                         |   16|   0|   16|          0|
    |weight_l_load_49_reg_6538                 |   16|   0|   16|          0|
    |weight_l_load_51_reg_6578                 |   16|   0|   16|          0|
    |weight_l_load_53_reg_6618                 |   16|   0|   16|          0|
    |weight_l_load_55_reg_6648                 |   16|   0|   16|          0|
    |weight_l_load_57_reg_6668                 |   16|   0|   16|          0|
    |weight_l_load_59_reg_6688                 |   16|   0|   16|          0|
    |weight_load_13_reg_7730                   |   16|   0|   16|          0|
    |xor_ln348_reg_5914                        |    3|   0|    3|          0|
    |xor_ln366_reg_6988                        |    3|   0|    3|          0|
    |zext_ln302_1_reg_7760                     |    5|   0|    6|          1|
    |zext_ln302_reg_7755                       |    5|   0|    7|          2|
    |zext_ln303_reg_7773                       |    5|   0|   64|         59|
    |zext_ln304_reg_7788                       |    6|   0|   64|         58|
    |zext_ln305_reg_7803                       |    6|   0|   64|         58|
    |zext_ln306_reg_7818                       |    7|   0|   64|         57|
    |zext_ln309_1_reg_7834                     |    5|   0|   10|          5|
    |zext_ln309_2_reg_7839                     |    5|   0|    9|          4|
    |zext_ln309_reg_7828                       |    5|   0|   11|          6|
    |zext_ln318_reg_7971                       |    5|   0|   10|          5|
    |zext_ln319_reg_7991                       |   11|   0|   64|         53|
    |zext_ln320_reg_8006                       |   11|   0|   64|         53|
    |zext_ln321_reg_8021                       |   11|   0|   64|         53|
    |zext_ln322_reg_8036                       |   11|   0|   64|         53|
    |zext_ln344_reg_5687                       |   16|   0|   28|         12|
    |zext_ln348_1_reg_6132                     |    3|   0|    7|          4|
    |zext_ln348_2_reg_6027                     |    3|   0|    6|          3|
    |zext_ln357_10_reg_6329                    |    3|   0|    5|          2|
    |zext_ln357_8_reg_6880                     |    3|   0|    7|          4|
    |zext_ln357_9_reg_6388                     |    3|   0|    6|          3|
    |zext_ln357_9_reg_6388_pp1_iter1_reg       |    3|   0|    6|          3|
    |zext_ln362_reg_6971                       |    3|   0|    7|          4|
    |zext_ln366_7_reg_7168                     |    3|   0|    6|          3|
    |h_state_addr_2_reg_7549                   |   64|  32|    5|          0|
    |icmp_ln371_reg_7388                       |   64|  32|    1|          0|
    |icmp_ln423_reg_7711                       |   64|  32|    1|          0|
    |lstm_state_addr_5_reg_7430                |   64|  32|    7|          2|
    +------------------------------------------+-----+----+-----+-----------+
    |Total                                     | 3633| 128| 4146|        757|
    +------------------------------------------+-----+----+-----+-----------+



================================================================
== Interface
================================================================
* Summary: 
+-----------------+-----+-----+------------+--------------+--------------+
|    RTL Ports    | Dir | Bits|  Protocol  | Source Object|    C Type    |
+-----------------+-----+-----+------------+--------------+--------------+
|ap_clk           |  in |    1| ap_ctrl_hs |  lstm_kernel | return value |
|ap_rst           |  in |    1| ap_ctrl_hs |  lstm_kernel | return value |
|ap_start         |  in |    1| ap_ctrl_hs |  lstm_kernel | return value |
|ap_done          | out |    1| ap_ctrl_hs |  lstm_kernel | return value |
|ap_idle          | out |    1| ap_ctrl_hs |  lstm_kernel | return value |
|ap_ready         | out |    1| ap_ctrl_hs |  lstm_kernel | return value |
|mode             |  in |    1|   ap_none  |     mode     |    scalar    |
|init             |  in |    1|   ap_none  |     init     |    scalar    |
|sampleinput      |  in |   16|   ap_none  |  sampleinput |    scalar    |
|max_v            |  in |   16|   ap_none  |     max_v    |    scalar    |
|min_v            |  in |   16|   ap_none  |     min_v    |    scalar    |
|weight_Addr_A    | out |   32|    bram    |    weight    |     array    |
|weight_EN_A      | out |    1|    bram    |    weight    |     array    |
|weight_WEN_A     | out |    2|    bram    |    weight    |     array    |
|weight_Din_A     | out |   16|    bram    |    weight    |     array    |
|weight_Dout_A    |  in |   16|    bram    |    weight    |     array    |
|weight_Clk_A     | out |    1|    bram    |    weight    |     array    |
|weight_Rst_A     | out |    1|    bram    |    weight    |     array    |
|lstm_out         | out |   16|   ap_vld   |   lstm_out   |    pointer   |
|lstm_out_ap_vld  | out |    1|   ap_vld   |   lstm_out   |    pointer   |
+-----------------+-----+-----+------------+--------------+--------------+

